Start auto log messages stack - Iteration 7.	[MsgId: MMSG-10545]
Action.c(238): Notify: Transaction "selection_mice" ended with a "Pass" status (Duration: 1,0989).	[MsgId: MMSG-16873]
Action.c(240): Notify: Transaction "goto_cart" started.	[MsgId: MMSG-16999]
Action.c(242): web_add_auto_header("Origin") started  	[MsgId: MMSG-26355]
Action.c(242): web_add_auto_header("Origin") was successful  	[MsgId: MMSG-26392]
Action.c(245): lr_think_time: 12,00 seconds.	[MsgId: MMSG-15948]
Action.c(247): web_add_header("Authorization") started  	[MsgId: MMSG-26355]
Action.c(247): Warning -26594: The header being added may cause unpredictable results if applied to ALL the URLs generated on behalf of the next script function. It will apply to the primary URL only.  	[MsgId: MWAR-26594]
Action.c(247): web_add_header("Authorization") highest severity level was "warning"  	[MsgId: MMSG-26391]
Action.c(250): web_submit_data("414141") started  	[MsgId: MMSG-26355]
Action.c(250): Error -26612: HTTP Status-Code=500 (Internal Server Error) for "http://18.212.178.84/order/api/v1/carts/402648274/product/27/color/414141?quantity=1"  	[MsgId: MERR-26612]
End auto log messages stack.	[MsgId: MMSG-10544]


Start auto log messages stack - Iteration 7.	[MsgId: MMSG-10545]
Action.c(238): Notify: Transaction "selection_mice" ended with a "Pass" status (Duration: 1,0828).	[MsgId: MMSG-16873]
Action.c(240): Notify: Transaction "goto_cart" started.	[MsgId: MMSG-16999]
Action.c(242): web_add_auto_header("Origin") started  	[MsgId: MMSG-26355]
Action.c(242): web_add_auto_header("Origin") was successful  	[MsgId: MMSG-26392]
Action.c(245): lr_think_time: 12,00 seconds.	[MsgId: MMSG-15948]
Action.c(247): web_add_header("Authorization") started  	[MsgId: MMSG-26355]
Action.c(247): Warning -26594: The header being added may cause unpredictable results if applied to ALL the URLs generated on behalf of the next script function. It will apply to the primary URL only.  	[MsgId: MWAR-26594]
Action.c(247): web_add_header("Authorization") highest severity level was "warning"  	[MsgId: MMSG-26391]
Action.c(250): web_submit_data("414141") started  	[MsgId: MMSG-26355]
Action.c(250): Error -26612: HTTP Status-Code=500 (Internal Server Error) for "http://18.212.178.84/order/api/v1/carts/156708384/product/27/color/414141?quantity=1"  	[MsgId: MERR-26612]
End auto log messages stack.	[MsgId: MMSG-10544]


Start auto log messages stack - Iteration 7.	[MsgId: MMSG-10545]
Action.c(502): web_custom_request("{UserId}_3") started  	[MsgId: MMSG-26355]
Action.c(502): web_custom_request("{UserId}_3") was successful, 164 body bytes, 335 header bytes, 21 chunking overhead bytes  	[MsgId: MMSG-26385]
Action.c(517): web_add_header("Authorization") started  	[MsgId: MMSG-26355]
Action.c(517): Warning -26594: The header being added may cause unpredictable results if applied to ALL the URLs generated on behalf of the next script function. It will apply to the primary URL only.  	[MsgId: MWAR-26594]
Action.c(517): web_add_header("Authorization") highest severity level was "warning"  	[MsgId: MMSG-26391]
Action.c(520): web_custom_request("{UserId}_4") started  	[MsgId: MMSG-26355]
Action.c(520): Error -26612: HTTP Status-Code=500 (Internal Server Error) for "http://18.212.178.84/order/api/v1/carts/220767689"  	[MsgId: MERR-26612]
End auto log messages stack.	[MsgId: MMSG-10544]


Start auto log messages stack - Iteration 8.	[MsgId: MMSG-10545]
Action.c(238): Notify: Transaction "selection_mice" ended with a "Pass" status (Duration: 1,0967).	[MsgId: MMSG-16873]
Action.c(240): Notify: Transaction "goto_cart" started.	[MsgId: MMSG-16999]
Action.c(242): web_add_auto_header("Origin") started  	[MsgId: MMSG-26355]
Action.c(242): web_add_auto_header("Origin") was successful  	[MsgId: MMSG-26392]
Action.c(245): lr_think_time: 12,00 seconds.	[MsgId: MMSG-15948]
Action.c(247): web_add_header("Authorization") started  	[MsgId: MMSG-26355]
Action.c(247): Warning -26594: The header being added may cause unpredictable results if applied to ALL the URLs generated on behalf of the next script function. It will apply to the primary URL only.  	[MsgId: MWAR-26594]
Action.c(247): web_add_header("Authorization") highest severity level was "warning"  	[MsgId: MMSG-26391]
Action.c(250): web_submit_data("414141") started  	[MsgId: MMSG-26355]
Action.c(250): Error -26612: HTTP Status-Code=500 (Internal Server Error) for "http://18.212.178.84/order/api/v1/carts/102485235/product/27/color/414141?quantity=1"  	[MsgId: MERR-26612]
End auto log messages stack.	[MsgId: MMSG-10544]


